<?xml version="1.0" encoding="UTF-8"?>
<testng-results skipped="0" failed="0" ignored="0" total="1" passed="1">
  <reporter-output>
  </reporter-output>
  <suite name="Default suite" duration-ms="43015" started-at="2018-08-25T08:03:16Z" finished-at="2018-08-25T08:03:59Z">
    <groups>
    </groups>
    <test name="Default test" duration-ms="43015" started-at="2018-08-25T08:03:16Z" finished-at="2018-08-25T08:03:59Z">
      <class name="support.Test1">
        <test-method status="PASS" signature="test1()[pri:0, instance:support.Test1@30a3107a]" name="test1" duration-ms="42989" started-at="2018-08-25T08:03:16Z" finished-at="2018-08-25T08:03:59Z">
          <reporter-output>
          </reporter-output>
        </test-method> <!-- test1 -->
      </class> <!-- support.Test1 -->
    </test> <!-- Default test -->
  </suite> <!-- Default suite -->
</testng-results>
